# JRE version: 7.0_21-b11
# Java VM: Java HotSpot(TM) Server VM (23.21-b01 mixed mode linux-x86 )
Heap
 PSYoungGen      total 26304K, used 10126K [0xa39a0000, 0xa5540000, 0xb3640000)
  eden space 24320K, 33% used [0xa39a0000,0xa4196048,0xa5160000)
  from space 1984K, 99% used [0xa5350000,0xa553d9f8,0xa5540000)
  to   space 1984K, 0% used [0xa5160000,0xa5160000,0xa5350000)
 ParOldGen       total 32320K, used 5170K [0x84040000, 0x85fd0000, 0xa39a0000)
  object space 32320K, 15% used [0x84040000,0x8454ca28,0x85fd0000)
 PSPermGen       total 16384K, used 13632K [0x80040000, 0x81040000, 0x84040000)
  object space 16384K, 83% used [0x80040000,0x80d90068,0x81040000)
GC Heap History (8 events):
Event: 0.633 GC heap before
{Heap before GC invocations=1 (full 0):
 PSYoungGen      total 14144K, used 12154K [0xa39a0000, 0xa4960000, 0xb3640000)
  eden space 12160K, 99% used [0xa39a0000,0xa457e870,0xa4580000)
  from space 1984K, 0% used [0xa4770000,0xa4770000,0xa4960000)
  to   space 1984K, 0% used [0xa4580000,0xa4580000,0xa4770000)
 ParOldGen       total 32320K, used 0K [0x84040000, 0x85fd0000, 0xa39a0000)
  object space 32320K, 0% used [0x84040000,0x84040000,0x85fd0000)
 PSPermGen       total 16384K, used 5039K [0x80040000, 0x81040000, 0x84040000)
  object space 16384K, 30% used [0x80040000,0x8052bde0,0x81040000)
Event: 0.638 GC heap after
Heap after GC invocations=1 (full 0):
 PSYoungGen      total 14144K, used 1980K [0xa39a0000, 0xa4960000, 0xb3640000)
  eden space 12160K, 0% used [0xa39a0000,0xa39a0000,0xa4580000)
  from space 1984K, 99% used [0xa4580000,0xa476f048,0xa4770000)
  to   space 1984K, 0% used [0xa4770000,0xa4770000,0xa4960000)
 ParOldGen       total 32320K, used 447K [0x84040000, 0x85fd0000, 0xa39a0000)
  object space 32320K, 1% used [0x84040000,0x840aff08,0x85fd0000)
 PSPermGen       total 16384K, used 5039K [0x80040000, 0x81040000, 0x84040000)
  object space 16384K, 30% used [0x80040000,0x8052bde0,0x81040000)
}
Event: 1.045 GC heap before
{Heap before GC invocations=2 (full 0):
 PSYoungGen      total 14144K, used 14131K [0xa39a0000, 0xa4960000, 0xb3640000)
  eden space 12160K, 99% used [0xa39a0000,0xa457ded8,0xa4580000)
  from space 1984K, 99% used [0xa4580000,0xa476f048,0xa4770000)
  to   space 1984K, 0% used [0xa4770000,0xa4770000,0xa4960000)
 ParOldGen       total 32320K, used 447K [0x84040000, 0x85fd0000, 0xa39a0000)
  object space 32320K, 1% used [0x84040000,0x840aff08,0x85fd0000)
 PSPermGen       total 16384K, used 6884K [0x80040000, 0x81040000, 0x84040000)
  object space 16384K, 42% used [0x80040000,0x806f9310,0x81040000)
Event: 1.050 GC heap after
Heap after GC invocations=2 (full 0):
 PSYoungGen      total 14144K, used 1968K [0xa39a0000, 0xa4960000, 0xb3640000)
  eden space 12160K, 0% used [0xa39a0000,0xa39a0000,0xa4580000)
  from space 1984K, 99% used [0xa4770000,0xa495c068,0xa4960000)
  to   space 1984K, 0% used [0xa4580000,0xa4580000,0xa4770000)
 ParOldGen       total 32320K, used 1511K [0x84040000, 0x85fd0000, 0xa39a0000)
  object space 32320K, 4% used [0x84040000,0x841b9ef8,0x85fd0000)
 PSPermGen       total 16384K, used 6884K [0x80040000, 0x81040000, 0x84040000)
  object space 16384K, 42% used [0x80040000,0x806f9310,0x81040000)
}
Event: 1.480 GC heap before
{Heap before GC invocations=3 (full 0):
 PSYoungGen      total 14144K, used 14128K [0xa39a0000, 0xa4960000, 0xb3640000)
  eden space 12160K, 100% used [0xa39a0000,0xa4580000,0xa4580000)
  from space 1984K, 99% used [0xa4770000,0xa495c068,0xa4960000)
  to   space 1984K, 0% used [0xa4580000,0xa4580000,0xa4770000)
 ParOldGen       total 32320K, used 1511K [0x84040000, 0x85fd0000, 0xa39a0000)
  object space 32320K, 4% used [0x84040000,0x841b9ef8,0x85fd0000)
 PSPermGen       total 16384K, used 9361K [0x80040000, 0x81040000, 0x84040000)
  object space 16384K, 57% used [0x80040000,0x809646c0,0x81040000)
Event: 1.486 GC heap after
Heap after GC invocations=3 (full 0):
 PSYoungGen      total 14144K, used 1976K [0xa39a0000, 0xa5540000, 0xb3640000)
  eden space 12160K, 0% used [0xa39a0000,0xa39a0000,0xa4580000)
  from space 1984K, 99% used [0xa4580000,0xa476e010,0xa4770000)
  to   space 1984K, 0% used [0xa5350000,0xa5350000,0xa5540000)
 ParOldGen       total 32320K, used 2824K [0x84040000, 0x85fd0000, 0xa39a0000)
  object space 32320K, 8% used [0x84040000,0x84302240,0x85fd0000)
 PSPermGen       total 16384K, used 9361K [0x80040000, 0x81040000, 0x84040000)
  object space 16384K, 57% used [0x80040000,0x809646c0,0x81040000)
}
Event: 2.077 GC heap before
{Heap before GC invocations=4 (full 0):
 PSYoungGen      total 14144K, used 14102K [0xa39a0000, 0xa5540000, 0xb3640000)
  eden space 12160K, 99% used [0xa39a0000,0xa4577a70,0xa4580000)
  from space 1984K, 99% used [0xa4580000,0xa476e010,0xa4770000)
  to   space 1984K, 0% used [0xa5350000,0xa5350000,0xa5540000)
 ParOldGen       total 32320K, used 2824K [0x84040000, 0x85fd0000, 0xa39a0000)
  object space 32320K, 8% used [0x84040000,0x84302240,0x85fd0000)
 PSPermGen       total 16384K, used 12206K [0x80040000, 0x81040000, 0x84040000)
  object space 16384K, 74% used [0x80040000,0x80c2b920,0x81040000)
Event: 2.092 GC heap after
Heap after GC invocations=4 (full 0):
 PSYoungGen      total 26304K, used 1974K [0xa39a0000, 0xa5540000, 0xb3640000)
  eden space 24320K, 0% used [0xa39a0000,0xa39a0000,0xa5160000)
  from space 1984K, 99% used [0xa5350000,0xa553d9f8,0xa5540000)
  to   space 1984K, 0% used [0xa5160000,0xa5160000,0xa5350000)
 ParOldGen       total 32320K, used 5170K [0x84040000, 0x85fd0000, 0xa39a0000)
  object space 32320K, 15% used [0x84040000,0x8454ca28,0x85fd0000)
 PSPermGen       total 16384K, used 12206K [0x80040000, 0x81040000, 0x84040000)
  object space 16384K, 74% used [0x80040000,0x80c2b920,0x81040000)
}

