# JRE version: 7.0_21-b11
# Java VM: Java HotSpot(TM) Server VM (23.21-b01 mixed mode linux-x86 )
Heap
 PSYoungGen      total 26304K, used 10069K [0xa39a0000, 0xa5540000, 0xb3640000)
  eden space 24320K, 33% used [0xa39a0000,0xa4187308,0xa5160000)
  from space 1984K, 99% used [0xa5350000,0xa553e1e8,0xa5540000)
  to   space 1984K, 0% used [0xa5160000,0xa5160000,0xa5350000)
 ParOldGen       total 32320K, used 5118K [0x84040000, 0x85fd0000, 0xa39a0000)
  object space 32320K, 15% used [0x84040000,0x8453fa30,0x85fd0000)
 PSPermGen       total 16384K, used 13632K [0x80040000, 0x81040000, 0x84040000)
  object space 16384K, 83% used [0x80040000,0x80d90250,0x81040000)
GC Heap History (8 events):
Event: 0.496 GC heap before
{Heap before GC invocations=1 (full 0):
 PSYoungGen      total 14144K, used 12157K [0xa39a0000, 0xa4960000, 0xb3640000)
  eden space 12160K, 99% used [0xa39a0000,0xa457f670,0xa4580000)
  from space 1984K, 0% used [0xa4770000,0xa4770000,0xa4960000)
  to   space 1984K, 0% used [0xa4580000,0xa4580000,0xa4770000)
 ParOldGen       total 32320K, used 0K [0x84040000, 0x85fd0000, 0xa39a0000)
  object space 32320K, 0% used [0x84040000,0x84040000,0x85fd0000)
 PSPermGen       total 16384K, used 5039K [0x80040000, 0x81040000, 0x84040000)
  object space 16384K, 30% used [0x80040000,0x8052bde0,0x81040000)
Event: 0.499 GC heap after
Heap after GC invocations=1 (full 0):
 PSYoungGen      total 14144K, used 1981K [0xa39a0000, 0xa4960000, 0xb3640000)
  eden space 12160K, 0% used [0xa39a0000,0xa39a0000,0xa4580000)
  from space 1984K, 99% used [0xa4580000,0xa476f660,0xa4770000)
  to   space 1984K, 0% used [0xa4770000,0xa4770000,0xa4960000)
 ParOldGen       total 32320K, used 450K [0x84040000, 0x85fd0000, 0xa39a0000)
  object space 32320K, 1% used [0x84040000,0x840b09d8,0x85fd0000)
 PSPermGen       total 16384K, used 5039K [0x80040000, 0x81040000, 0x84040000)
  object space 16384K, 30% used [0x80040000,0x8052bde0,0x81040000)
}
Event: 0.793 GC heap before
{Heap before GC invocations=2 (full 0):
 PSYoungGen      total 14144K, used 14141K [0xa39a0000, 0xa4960000, 0xb3640000)
  eden space 12160K, 100% used [0xa39a0000,0xa4580000,0xa4580000)
  from space 1984K, 99% used [0xa4580000,0xa476f660,0xa4770000)
  to   space 1984K, 0% used [0xa4770000,0xa4770000,0xa4960000)
 ParOldGen       total 32320K, used 450K [0x84040000, 0x85fd0000, 0xa39a0000)
  object space 32320K, 1% used [0x84040000,0x840b09d8,0x85fd0000)
 PSPermGen       total 16384K, used 6901K [0x80040000, 0x81040000, 0x84040000)
  object space 16384K, 42% used [0x80040000,0x806fd578,0x81040000)
Event: 0.801 GC heap after
Heap after GC invocations=2 (full 0):
 PSYoungGen      total 14144K, used 1977K [0xa39a0000, 0xa5540000, 0xb3640000)
  eden space 12160K, 0% used [0xa39a0000,0xa39a0000,0xa4580000)
  from space 1984K, 99% used [0xa4770000,0xa495e540,0xa4960000)
  to   space 1984K, 0% used [0xa4580000,0xa4580000,0xa4770000)
 ParOldGen       total 32320K, used 1475K [0x84040000, 0x85fd0000, 0xa39a0000)
  object space 32320K, 4% used [0x84040000,0x841b0e00,0x85fd0000)
 PSPermGen       total 16384K, used 6901K [0x80040000, 0x81040000, 0x84040000)
  object space 16384K, 42% used [0x80040000,0x806fd578,0x81040000)
}
Event: 1.107 GC heap before
{Heap before GC invocations=3 (full 0):
 PSYoungGen      total 14144K, used 14137K [0xa39a0000, 0xa5540000, 0xb3640000)
  eden space 12160K, 100% used [0xa39a0000,0xa4580000,0xa4580000)
  from space 1984K, 99% used [0xa4770000,0xa495e540,0xa4960000)
  to   space 1984K, 0% used [0xa4580000,0xa4580000,0xa4770000)
 ParOldGen       total 32320K, used 1475K [0x84040000, 0x85fd0000, 0xa39a0000)
  object space 32320K, 4% used [0x84040000,0x841b0e00,0x85fd0000)
 PSPermGen       total 16384K, used 9368K [0x80040000, 0x81040000, 0x84040000)
  object space 16384K, 57% used [0x80040000,0x80966138,0x81040000)
Event: 1.112 GC heap after
Heap after GC invocations=3 (full 0):
 PSYoungGen      total 14144K, used 1971K [0xa39a0000, 0xa5540000, 0xb3640000)
  eden space 12160K, 0% used [0xa39a0000,0xa39a0000,0xa4580000)
  from space 1984K, 99% used [0xa4580000,0xa476ce30,0xa4770000)
  to   space 1984K, 0% used [0xa5350000,0xa5350000,0xa5540000)
 ParOldGen       total 32320K, used 2760K [0x84040000, 0x85fd0000, 0xa39a0000)
  object space 32320K, 8% used [0x84040000,0x842f2210,0x85fd0000)
 PSPermGen       total 16384K, used 9368K [0x80040000, 0x81040000, 0x84040000)
  object space 16384K, 57% used [0x80040000,0x80966138,0x81040000)
}
Event: 1.554 GC heap before
{Heap before GC invocations=4 (full 0):
 PSYoungGen      total 14144K, used 14045K [0xa39a0000, 0xa5540000, 0xb3640000)
  eden space 12160K, 99% used [0xa39a0000,0xa456a628,0xa4580000)
  from space 1984K, 99% used [0xa4580000,0xa476ce30,0xa4770000)
  to   space 1984K, 0% used [0xa5350000,0xa5350000,0xa5540000)
 ParOldGen       total 32320K, used 2760K [0x84040000, 0x85fd0000, 0xa39a0000)
  object space 32320K, 8% used [0x84040000,0x842f2210,0x85fd0000)
 PSPermGen       total 16384K, used 12206K [0x80040000, 0x81040000, 0x84040000)
  object space 16384K, 74% used [0x80040000,0x80c2b900,0x81040000)
Event: 1.562 GC heap after
Heap after GC invocations=4 (full 0):
 PSYoungGen      total 26304K, used 1976K [0xa39a0000, 0xa5540000, 0xb3640000)
  eden space 24320K, 0% used [0xa39a0000,0xa39a0000,0xa5160000)
  from space 1984K, 99% used [0xa5350000,0xa553e1e8,0xa5540000)
  to   space 1984K, 0% used [0xa5160000,0xa5160000,0xa5350000)
 ParOldGen       total 32320K, used 5118K [0x84040000, 0x85fd0000, 0xa39a0000)
  object space 32320K, 15% used [0x84040000,0x8453fa30,0x85fd0000)
 PSPermGen       total 16384K, used 12206K [0x80040000, 0x81040000, 0x84040000)
  object space 16384K, 74% used [0x80040000,0x80c2b900,0x81040000)
}

