# JRE version: 7.0_21-b11
# Java VM: Java HotSpot(TM) Server VM (23.21-b01 mixed mode linux-x86 )
Heap
 PSYoungGen      total 14144K, used 9794K [0xa3a00000, 0xa49c0000, 0xb36a0000)
  eden space 12160K, 64% used [0xa3a00000,0xa41a0bd0,0xa45e0000)
  from space 1984K, 99% used [0xa47d0000,0xa49bfcc8,0xa49c0000)
  to   space 1984K, 0% used [0xa45e0000,0xa45e0000,0xa47d0000)
 ParOldGen       total 32320K, used 5123K [0x840a0000, 0x86030000, 0xa3a00000)
  object space 32320K, 15% used [0x840a0000,0x845a0cb0,0x86030000)
 PSPermGen       total 16384K, used 13632K [0x800a0000, 0x810a0000, 0x840a0000)
  object space 16384K, 83% used [0x800a0000,0x80df0250,0x810a0000)
GC Heap History (8 events):
Event: 0.492 GC heap before
{Heap before GC invocations=1 (full 0):
 PSYoungGen      total 14144K, used 12157K [0xa3a00000, 0xa49c0000, 0xb36a0000)
  eden space 12160K, 99% used [0xa3a00000,0xa45df670,0xa45e0000)
  from space 1984K, 0% used [0xa47d0000,0xa47d0000,0xa49c0000)
  to   space 1984K, 0% used [0xa45e0000,0xa45e0000,0xa47d0000)
 ParOldGen       total 32320K, used 0K [0x840a0000, 0x86030000, 0xa3a00000)
  object space 32320K, 0% used [0x840a0000,0x840a0000,0x86030000)
 PSPermGen       total 16384K, used 5039K [0x800a0000, 0x810a0000, 0x840a0000)
  object space 16384K, 30% used [0x800a0000,0x8058bde0,0x810a0000)
Event: 0.495 GC heap after
Heap after GC invocations=1 (full 0):
 PSYoungGen      total 14144K, used 1973K [0xa3a00000, 0xa49c0000, 0xb36a0000)
  eden space 12160K, 0% used [0xa3a00000,0xa3a00000,0xa45e0000)
  from space 1984K, 99% used [0xa45e0000,0xa47cd650,0xa47d0000)
  to   space 1984K, 0% used [0xa47d0000,0xa47d0000,0xa49c0000)
 ParOldGen       total 32320K, used 446K [0x840a0000, 0x86030000, 0xa3a00000)
  object space 32320K, 1% used [0x840a0000,0x8410f9d8,0x86030000)
 PSPermGen       total 16384K, used 5039K [0x800a0000, 0x810a0000, 0x840a0000)
  object space 16384K, 30% used [0x800a0000,0x8058bde0,0x810a0000)
}
Event: 0.787 GC heap before
{Heap before GC invocations=2 (full 0):
 PSYoungGen      total 14144K, used 14133K [0xa3a00000, 0xa49c0000, 0xb36a0000)
  eden space 12160K, 100% used [0xa3a00000,0xa45e0000,0xa45e0000)
  from space 1984K, 99% used [0xa45e0000,0xa47cd650,0xa47d0000)
  to   space 1984K, 0% used [0xa47d0000,0xa47d0000,0xa49c0000)
 ParOldGen       total 32320K, used 446K [0x840a0000, 0x86030000, 0xa3a00000)
  object space 32320K, 1% used [0x840a0000,0x8410f9d8,0x86030000)
 PSPermGen       total 16384K, used 6901K [0x800a0000, 0x810a0000, 0x840a0000)
  object space 16384K, 42% used [0x800a0000,0x8075d578,0x810a0000)
Event: 0.790 GC heap after
Heap after GC invocations=2 (full 0):
 PSYoungGen      total 14144K, used 1969K [0xa3a00000, 0xa49c0000, 0xb36a0000)
  eden space 12160K, 0% used [0xa3a00000,0xa3a00000,0xa45e0000)
  from space 1984K, 99% used [0xa47d0000,0xa49bc478,0xa49c0000)
  to   space 1984K, 0% used [0xa45e0000,0xa45e0000,0xa47d0000)
 ParOldGen       total 32320K, used 1489K [0x840a0000, 0x86030000, 0xa3a00000)
  object space 32320K, 4% used [0x840a0000,0x84214548,0x86030000)
 PSPermGen       total 16384K, used 6901K [0x800a0000, 0x810a0000, 0x840a0000)
  object space 16384K, 42% used [0x800a0000,0x8075d578,0x810a0000)
}
Event: 1.101 GC heap before
{Heap before GC invocations=3 (full 0):
 PSYoungGen      total 14144K, used 14129K [0xa3a00000, 0xa49c0000, 0xb36a0000)
  eden space 12160K, 100% used [0xa3a00000,0xa45e0000,0xa45e0000)
  from space 1984K, 99% used [0xa47d0000,0xa49bc478,0xa49c0000)
  to   space 1984K, 0% used [0xa45e0000,0xa45e0000,0xa47d0000)
 ParOldGen       total 32320K, used 1489K [0x840a0000, 0x86030000, 0xa3a00000)
  object space 32320K, 4% used [0x840a0000,0x84214548,0x86030000)
 PSPermGen       total 16384K, used 9362K [0x800a0000, 0x810a0000, 0x840a0000)
  object space 16384K, 57% used [0x800a0000,0x809c4aa8,0x810a0000)
Event: 1.104 GC heap after
Heap after GC invocations=3 (full 0):
 PSYoungGen      total 14144K, used 1974K [0xa3a00000, 0xa49c0000, 0xb36a0000)
  eden space 12160K, 0% used [0xa3a00000,0xa3a00000,0xa45e0000)
  from space 1984K, 99% used [0xa45e0000,0xa47cda38,0xa47d0000)
  to   space 1984K, 0% used [0xa47d0000,0xa47d0000,0xa49c0000)
 ParOldGen       total 32320K, used 2772K [0x840a0000, 0x86030000, 0xa3a00000)
  object space 32320K, 8% used [0x840a0000,0x84355210,0x86030000)
 PSPermGen       total 16384K, used 9362K [0x800a0000, 0x810a0000, 0x840a0000)
  object space 16384K, 57% used [0x800a0000,0x809c4aa8,0x810a0000)
}
Event: 1.560 GC heap before
{Heap before GC invocations=4 (full 0):
 PSYoungGen      total 14144K, used 14072K [0xa3a00000, 0xa49c0000, 0xb36a0000)
  eden space 12160K, 99% used [0xa3a00000,0xa45d0630,0xa45e0000)
  from space 1984K, 99% used [0xa45e0000,0xa47cda38,0xa47d0000)
  to   space 1984K, 0% used [0xa47d0000,0xa47d0000,0xa49c0000)
 ParOldGen       total 32320K, used 2772K [0x840a0000, 0x86030000, 0xa3a00000)
  object space 32320K, 8% used [0x840a0000,0x84355210,0x86030000)
 PSPermGen       total 16384K, used 12206K [0x800a0000, 0x810a0000, 0x840a0000)
  object space 16384K, 74% used [0x800a0000,0x80c8b900,0x810a0000)
Event: 1.565 GC heap after
Heap after GC invocations=4 (full 0):
 PSYoungGen      total 14144K, used 1983K [0xa3a00000, 0xa49c0000, 0xb36a0000)
  eden space 12160K, 0% used [0xa3a00000,0xa3a00000,0xa45e0000)
  from space 1984K, 99% used [0xa47d0000,0xa49bfcc8,0xa49c0000)
  to   space 1984K, 0% used [0xa45e0000,0xa45e0000,0xa47d0000)
 ParOldGen       total 32320K, used 5123K [0x840a0000, 0x86030000, 0xa3a00000)
  object space 32320K, 15% used [0x840a0000,0x845a0cb0,0x86030000)
 PSPermGen       total 16384K, used 12206K [0x800a0000, 0x810a0000, 0x840a0000)
  object space 16384K, 74% used [0x800a0000,0x80c8b900,0x810a0000)
}

