# JRE version: 7.0_21-b11
# Java VM: Java HotSpot(TM) Server VM (23.21-b01 mixed mode linux-x86 )
Heap
 PSYoungGen      total 14144K, used 9563K [0xa3a30000, 0xa49f0000, 0xb36d0000)
  eden space 12160K, 62% used [0xa3a30000,0xa4199740,0xa4610000)
  from space 1984K, 99% used [0xa4800000,0xa49ed4d8,0xa49f0000)
  to   space 1984K, 0% used [0xa4610000,0xa4610000,0xa4800000)
 ParOldGen       total 32320K, used 5091K [0x840d0000, 0x86060000, 0xa3a30000)
  object space 32320K, 15% used [0x840d0000,0x845c8fe8,0x86060000)
 PSPermGen       total 16384K, used 13634K [0x800d0000, 0x810d0000, 0x840d0000)
  object space 16384K, 83% used [0x800d0000,0x80e20878,0x810d0000)
GC Heap History (8 events):
Event: 0.501 GC heap before
{Heap before GC invocations=1 (full 0):
 PSYoungGen      total 14144K, used 12160K [0xa3a30000, 0xa49f0000, 0xb36d0000)
  eden space 12160K, 100% used [0xa3a30000,0xa4610000,0xa4610000)
  from space 1984K, 0% used [0xa4800000,0xa4800000,0xa49f0000)
  to   space 1984K, 0% used [0xa4610000,0xa4610000,0xa4800000)
 ParOldGen       total 32320K, used 0K [0x840d0000, 0x86060000, 0xa3a30000)
  object space 32320K, 0% used [0x840d0000,0x840d0000,0x86060000)
 PSPermGen       total 16384K, used 5047K [0x800d0000, 0x810d0000, 0x840d0000)
  object space 16384K, 30% used [0x800d0000,0x805bdcc8,0x810d0000)
Event: 0.504 GC heap after
Heap after GC invocations=1 (full 0):
 PSYoungGen      total 14144K, used 1979K [0xa3a30000, 0xa49f0000, 0xb36d0000)
  eden space 12160K, 0% used [0xa3a30000,0xa3a30000,0xa4610000)
  from space 1984K, 99% used [0xa4610000,0xa47fefc0,0xa4800000)
  to   space 1984K, 0% used [0xa4800000,0xa4800000,0xa49f0000)
 ParOldGen       total 32320K, used 430K [0x840d0000, 0x86060000, 0xa3a30000)
  object space 32320K, 1% used [0x840d0000,0x8413b958,0x86060000)
 PSPermGen       total 16384K, used 5047K [0x800d0000, 0x810d0000, 0x840d0000)
  object space 16384K, 30% used [0x800d0000,0x805bdcc8,0x810d0000)
}
Event: 0.790 GC heap before
{Heap before GC invocations=2 (full 0):
 PSYoungGen      total 14144K, used 14139K [0xa3a30000, 0xa49f0000, 0xb36d0000)
  eden space 12160K, 100% used [0xa3a30000,0xa4610000,0xa4610000)
  from space 1984K, 99% used [0xa4610000,0xa47fefc0,0xa4800000)
  to   space 1984K, 0% used [0xa4800000,0xa4800000,0xa49f0000)
 ParOldGen       total 32320K, used 430K [0x840d0000, 0x86060000, 0xa3a30000)
  object space 32320K, 1% used [0x840d0000,0x8413b958,0x86060000)
 PSPermGen       total 16384K, used 6901K [0x800d0000, 0x810d0000, 0x840d0000)
  object space 16384K, 42% used [0x800d0000,0x8078d588,0x810d0000)
Event: 0.793 GC heap after
Heap after GC invocations=2 (full 0):
 PSYoungGen      total 14144K, used 1969K [0xa3a30000, 0xa49f0000, 0xb36d0000)
  eden space 12160K, 0% used [0xa3a30000,0xa3a30000,0xa4610000)
  from space 1984K, 99% used [0xa4800000,0xa49ec478,0xa49f0000)
  to   space 1984K, 0% used [0xa4610000,0xa4610000,0xa4800000)
 ParOldGen       total 32320K, used 1477K [0x840d0000, 0x86060000, 0xa3a30000)
  object space 32320K, 4% used [0x840d0000,0x84241688,0x86060000)
 PSPermGen       total 16384K, used 6901K [0x800d0000, 0x810d0000, 0x840d0000)
  object space 16384K, 42% used [0x800d0000,0x8078d588,0x810d0000)
}
Event: 1.110 GC heap before
{Heap before GC invocations=3 (full 0):
 PSYoungGen      total 14144K, used 14129K [0xa3a30000, 0xa49f0000, 0xb36d0000)
  eden space 12160K, 100% used [0xa3a30000,0xa4610000,0xa4610000)
  from space 1984K, 99% used [0xa4800000,0xa49ec478,0xa49f0000)
  to   space 1984K, 0% used [0xa4610000,0xa4610000,0xa4800000)
 ParOldGen       total 32320K, used 1477K [0x840d0000, 0x86060000, 0xa3a30000)
  object space 32320K, 4% used [0x840d0000,0x84241688,0x86060000)
 PSPermGen       total 16384K, used 9364K [0x800d0000, 0x810d0000, 0x840d0000)
  object space 16384K, 57% used [0x800d0000,0x809f50e0,0x810d0000)
Event: 1.114 GC heap after
Heap after GC invocations=3 (full 0):
 PSYoungGen      total 14144K, used 1983K [0xa3a30000, 0xa49f0000, 0xb36d0000)
  eden space 12160K, 0% used [0xa3a30000,0xa3a30000,0xa4610000)
  from space 1984K, 99% used [0xa4610000,0xa47ffd98,0xa4800000)
  to   space 1984K, 0% used [0xa4800000,0xa4800000,0xa49f0000)
 ParOldGen       total 32320K, used 2738K [0x840d0000, 0x86060000, 0xa3a30000)
  object space 32320K, 8% used [0x840d0000,0x8437c9d0,0x86060000)
 PSPermGen       total 16384K, used 9364K [0x800d0000, 0x810d0000, 0x840d0000)
  object space 16384K, 57% used [0x800d0000,0x809f50e0,0x810d0000)
}
Event: 1.621 GC heap before
{Heap before GC invocations=4 (full 0):
 PSYoungGen      total 14144K, used 14075K [0xa3a30000, 0xa49f0000, 0xb36d0000)
  eden space 12160K, 99% used [0xa3a30000,0xa45feed8,0xa4610000)
  from space 1984K, 99% used [0xa4610000,0xa47ffd98,0xa4800000)
  to   space 1984K, 0% used [0xa4800000,0xa4800000,0xa49f0000)
 ParOldGen       total 32320K, used 2738K [0x840d0000, 0x86060000, 0xa3a30000)
  object space 32320K, 8% used [0x840d0000,0x8437c9d0,0x86060000)
 PSPermGen       total 16384K, used 12207K [0x800d0000, 0x810d0000, 0x840d0000)
  object space 16384K, 74% used [0x800d0000,0x80cbbf28,0x810d0000)
Event: 1.626 GC heap after
Heap after GC invocations=4 (full 0):
 PSYoungGen      total 14144K, used 1973K [0xa3a30000, 0xa49f0000, 0xb36d0000)
  eden space 12160K, 0% used [0xa3a30000,0xa3a30000,0xa4610000)
  from space 1984K, 99% used [0xa4800000,0xa49ed4d8,0xa49f0000)
  to   space 1984K, 0% used [0xa4610000,0xa4610000,0xa4800000)
 ParOldGen       total 32320K, used 5091K [0x840d0000, 0x86060000, 0xa3a30000)
  object space 32320K, 15% used [0x840d0000,0x845c8fe8,0x86060000)
 PSPermGen       total 16384K, used 12207K [0x800d0000, 0x810d0000, 0x840d0000)
  object space 16384K, 74% used [0x800d0000,0x80cbbf28,0x810d0000)
}

