# JRE version: 7.0_21-b11
# Java VM: Java HotSpot(TM) Server VM (23.21-b01 mixed mode linux-x86 )
Heap
 PSYoungGen      total 26304K, used 10327K [0xa39a0000, 0xa6d00000, 0xb3640000)
  eden space 24320K, 34% used [0xa39a0000,0xa41c9118,0xa5160000)
  from space 1984K, 99% used [0xa5160000,0xa534cbb0,0xa5350000)
  to   space 1984K, 0% used [0xa6b10000,0xa6b10000,0xa6d00000)
 ParOldGen       total 32320K, used 5376K [0x84040000, 0x85fd0000, 0xa39a0000)
  object space 32320K, 16% used [0x84040000,0x845803e8,0x85fd0000)
 PSPermGen       total 16384K, used 13632K [0x80040000, 0x81040000, 0x84040000)
  object space 16384K, 83% used [0x80040000,0x80d90068,0x81040000)
GC Heap History (6 events):
Event: 0.732 GC heap before
{Heap before GC invocations=1 (full 0):
 PSYoungGen      total 14144K, used 12154K [0xa39a0000, 0xa4960000, 0xb3640000)
  eden space 12160K, 99% used [0xa39a0000,0xa457e870,0xa4580000)
  from space 1984K, 0% used [0xa4770000,0xa4770000,0xa4960000)
  to   space 1984K, 0% used [0xa4580000,0xa4580000,0xa4770000)
 ParOldGen       total 32320K, used 0K [0x84040000, 0x85fd0000, 0xa39a0000)
  object space 32320K, 0% used [0x84040000,0x84040000,0x85fd0000)
 PSPermGen       total 16384K, used 5039K [0x80040000, 0x81040000, 0x84040000)
  object space 16384K, 30% used [0x80040000,0x8052bde0,0x81040000)
Event: 0.749 GC heap after
Heap after GC invocations=1 (full 0):
 PSYoungGen      total 14144K, used 1980K [0xa39a0000, 0xa5540000, 0xb3640000)
  eden space 12160K, 0% used [0xa39a0000,0xa39a0000,0xa4580000)
  from space 1984K, 99% used [0xa4580000,0xa476f048,0xa4770000)
  to   space 1984K, 0% used [0xa5350000,0xa5350000,0xa5540000)
 ParOldGen       total 32320K, used 434K [0x84040000, 0x85fd0000, 0xa39a0000)
  object space 32320K, 1% used [0x84040000,0x840ac958,0x85fd0000)
 PSPermGen       total 16384K, used 5039K [0x80040000, 0x81040000, 0x84040000)
  object space 16384K, 30% used [0x80040000,0x8052bde0,0x81040000)
}
Event: 1.199 GC heap before
{Heap before GC invocations=2 (full 0):
 PSYoungGen      total 14144K, used 14131K [0xa39a0000, 0xa5540000, 0xb3640000)
  eden space 12160K, 99% used [0xa39a0000,0xa457ddf0,0xa4580000)
  from space 1984K, 99% used [0xa4580000,0xa476f048,0xa4770000)
  to   space 1984K, 0% used [0xa5350000,0xa5350000,0xa5540000)
 ParOldGen       total 32320K, used 434K [0x84040000, 0x85fd0000, 0xa39a0000)
  object space 32320K, 1% used [0x84040000,0x840ac958,0x85fd0000)
 PSPermGen       total 16384K, used 6884K [0x80040000, 0x81040000, 0x84040000)
  object space 16384K, 42% used [0x80040000,0x806f9310,0x81040000)
Event: 1.203 GC heap after
Heap after GC invocations=2 (full 0):
 PSYoungGen      total 26304K, used 1973K [0xa39a0000, 0xa5540000, 0xb3640000)
  eden space 24320K, 0% used [0xa39a0000,0xa39a0000,0xa5160000)
  from space 1984K, 99% used [0xa5350000,0xa553d7e8,0xa5540000)
  to   space 1984K, 0% used [0xa5160000,0xa5160000,0xa5350000)
 ParOldGen       total 32320K, used 1473K [0x84040000, 0x85fd0000, 0xa39a0000)
  object space 32320K, 4% used [0x84040000,0x841b0698,0x85fd0000)
 PSPermGen       total 16384K, used 6884K [0x80040000, 0x81040000, 0x84040000)
  object space 16384K, 42% used [0x80040000,0x806f9310,0x81040000)
}
Event: 2.319 GC heap before
{Heap before GC invocations=3 (full 0):
 PSYoungGen      total 26304K, used 26293K [0xa39a0000, 0xa5540000, 0xb3640000)
  eden space 24320K, 100% used [0xa39a0000,0xa5160000,0xa5160000)
  from space 1984K, 99% used [0xa5350000,0xa553d7e8,0xa5540000)
  to   space 1984K, 0% used [0xa5160000,0xa5160000,0xa5350000)
 ParOldGen       total 32320K, used 1473K [0x84040000, 0x85fd0000, 0xa39a0000)
  object space 32320K, 4% used [0x84040000,0x841b0698,0x85fd0000)
 PSPermGen       total 16384K, used 12138K [0x80040000, 0x81040000, 0x84040000)
  object space 16384K, 74% used [0x80040000,0x80c1a998,0x81040000)
Event: 2.362 GC heap after
Heap after GC invocations=3 (full 0):
 PSYoungGen      total 26304K, used 1970K [0xa39a0000, 0xa6d00000, 0xb3640000)
  eden space 24320K, 0% used [0xa39a0000,0xa39a0000,0xa5160000)
  from space 1984K, 99% used [0xa5160000,0xa534cbb0,0xa5350000)
  to   space 1984K, 0% used [0xa6b10000,0xa6b10000,0xa6d00000)
 ParOldGen       total 32320K, used 5376K [0x84040000, 0x85fd0000, 0xa39a0000)
  object space 32320K, 16% used [0x84040000,0x845803e8,0x85fd0000)
 PSPermGen       total 16384K, used 12138K [0x80040000, 0x81040000, 0x84040000)
  object space 16384K, 74% used [0x80040000,0x80c1a998,0x81040000)
}

